Total completed orders for vendor KVV Timbers: 2
Total on-time delivery orders for vendor KVV Timbers: 2
Calculated on-time delivery rate for vendor KVV Timbers: 100.00%
On-time delivery rate for vendor KVV Timbers: 100.0
Updated on-time delivery rate to 100.0 for vendor KVV Timbers
Updated quality rating average to 4.05 for vendor KVV Timbers
Calculating average response time for vendor KVV Timbers
Average response time calculated for vendor KVV Timbers: 1 days
Updated average response time to 1 for vendor KVV Timbers
Total orders for vendor KVV Timbers: 2
Successful orders for vendor KVV Timbers: 2
Calculated fulfillment rate for vendor KVV Timbers: 100.00%
Fulfillment rate for vendor KVV Timbers: 100.0
Updated fulfillment rate to 100.0 for vendor KVV Timbers
Total completed orders for vendor KVV Timbers: 2
Total on-time delivery orders for vendor KVV Timbers: 2
Calculated on-time delivery rate for vendor KVV Timbers: 100.00%
On-time delivery rate for vendor KVV Timbers: 100.0
Updated on-time delivery rate to 100.0 for vendor KVV Timbers
Updated quality rating average to 4.05 for vendor KVV Timbers
Calculating average response time for vendor KVV Timbers
Average response time calculated for vendor KVV Timbers: 1.0 days, 12.0 hours, 0.0 minutes
Updated average response time to (1.0, 12.0, 0.0) for vendor KVV Timbers
Total orders for vendor KVV Timbers: 2
Successful orders for vendor KVV Timbers: 2
Calculated fulfillment rate for vendor KVV Timbers: 100.00%
Fulfillment rate for vendor KVV Timbers: 100.0
Updated fulfillment rate to 100.0 for vendor KVV Timbers
Total completed orders for vendor KVV Timbers: 2
Total on-time delivery orders for vendor KVV Timbers: 2
Calculated on-time delivery rate for vendor KVV Timbers: 100.00%
On-time delivery rate for vendor KVV Timbers: 100.0
Updated on-time delivery rate to 100.0 for vendor KVV Timbers
Updated quality rating average to 4.05 for vendor KVV Timbers
Calculating average response time for vendor KVV Timbers
Average response time calculated for vendor KVV Timbers: 1.50 days
Updated average response time to 1.5 for vendor KVV Timbers
Total orders for vendor KVV Timbers: 2
Successful orders for vendor KVV Timbers: 2
Calculated fulfillment rate for vendor KVV Timbers: 100.00%
Fulfillment rate for vendor KVV Timbers: 100.0
Updated fulfillment rate to 100.0 for vendor KVV Timbers
Total completed orders for vendor KVV Timbers: 2
Total on-time delivery orders for vendor KVV Timbers: 2
Calculated on-time delivery rate for vendor KVV Timbers: 100.00%
On-time delivery rate for vendor KVV Timbers: 100.0
Updated on-time delivery rate to 100.0 for vendor KVV Timbers
Updated quality rating average to 4.05 for vendor KVV Timbers
Calculating average response time for vendor KVV Timbers
Average response time calculated for vendor KVV Timbers: 1.50 days
Updated average response time to 1.5 for vendor KVV Timbers
Total orders for vendor KVV Timbers: 2
Successful orders for vendor KVV Timbers: 2
Calculated fulfillment rate for vendor KVV Timbers: 100.00%
Fulfillment rate for vendor KVV Timbers: 100.0
Updated fulfillment rate to 100.0 for vendor KVV Timbers
